D:\1PRACTICE\C++\ESS\CHAPTER5\5.3.13.5.SINGLY_LINKED_LIST_P5\5.3.13.5.SINGLY_LINKED_LIST_P5\DEBUG\5.3.13.5.SINGLY_LINKED_LIST_P5.PCH
D:\1PRACTICE\C++\ESS\CHAPTER5\5.3.13.5.SINGLY_LINKED_LIST_P5\5.3.13.5.SINGLY_LINKED_LIST_P5\DEBUG\STDAFX.OBJ
D:\1PRACTICE\C++\ESS\CHAPTER5\5.3.13.5.SINGLY_LINKED_LIST_P5\5.3.13.5.SINGLY_LINKED_LIST_P5\DEBUG\VC110.PDB
D:\1PRACTICE\C++\ESS\CHAPTER5\5.3.13.5.SINGLY_LINKED_LIST_P5\5.3.13.5.SINGLY_LINKED_LIST_P5\DEBUG\5.3.13.5.SINGLY_LINKED_LIST_P5.OBJ
D:\1PRACTICE\C++\ESS\CHAPTER5\5.3.13.5.SINGLY_LINKED_LIST_P5\DEBUG\5.3.13.5.SINGLY_LINKED_LIST_P5.ILK
D:\1PRACTICE\C++\ESS\CHAPTER5\5.3.13.5.SINGLY_LINKED_LIST_P5\DEBUG\5.3.13.5.SINGLY_LINKED_LIST_P5.EXE
D:\1PRACTICE\C++\ESS\CHAPTER5\5.3.13.5.SINGLY_LINKED_LIST_P5\DEBUG\5.3.13.5.SINGLY_LINKED_LIST_P5.PDB
D:\1Practice\c++\Ess\chapter5\5.3.13.5.Singly_linked_list_p5\5.3.13.5.Singly_linked_list_p5\Debug\stdafx.obj
D:\1Practice\c++\Ess\chapter5\5.3.13.5.Singly_linked_list_p5\5.3.13.5.Singly_linked_list_p5\Debug\cl.command.1.tlog
D:\1Practice\c++\Ess\chapter5\5.3.13.5.Singly_linked_list_p5\5.3.13.5.Singly_linked_list_p5\Debug\CL.read.1.tlog
D:\1Practice\c++\Ess\chapter5\5.3.13.5.Singly_linked_list_p5\5.3.13.5.Singly_linked_list_p5\Debug\CL.write.1.tlog
D:\1Practice\c++\Ess\chapter5\5.3.13.5.Singly_linked_list_p5\5.3.13.5.Singly_linked_list_p5\Debug\link-cvtres.read.1.tlog
D:\1Practice\c++\Ess\chapter5\5.3.13.5.Singly_linked_list_p5\5.3.13.5.Singly_linked_list_p5\Debug\link-cvtres.write.1.tlog
D:\1Practice\c++\Ess\chapter5\5.3.13.5.Singly_linked_list_p5\5.3.13.5.Singly_linked_list_p5\Debug\link-rc.read.1.tlog
D:\1Practice\c++\Ess\chapter5\5.3.13.5.Singly_linked_list_p5\5.3.13.5.Singly_linked_list_p5\Debug\link-rc.write.1.tlog
D:\1Practice\c++\Ess\chapter5\5.3.13.5.Singly_linked_list_p5\5.3.13.5.Singly_linked_list_p5\Debug\link.command.1.tlog
D:\1Practice\c++\Ess\chapter5\5.3.13.5.Singly_linked_list_p5\5.3.13.5.Singly_linked_list_p5\Debug\link.read.1.tlog
D:\1Practice\c++\Ess\chapter5\5.3.13.5.Singly_linked_list_p5\5.3.13.5.Singly_linked_list_p5\Debug\link.write.1.tlog
D:\1Practice\c++\Ess\chapter5\5.3.13.5.Singly_linked_list_p5\5.3.13.5.Singly_linked_list_p5\Debug\5.3.13.5.Singly_linked_list_p5.pch
D:\1Practice\c++\Ess\chapter5\5.3.13.5.Singly_linked_list_p5\5.3.13.5.Singly_linked_list_p5\Debug\vc110.idb
D:\1Practice\c++\Ess\chapter5\5.3.13.5.Singly_linked_list_p5\5.3.13.5.Singly_linked_list_p5\Debug\vc110.pdb
D:\1Practice\c++\Ess\chapter5\5.3.13.5.Singly_linked_list_p5\Debug\5.3.13.5.Singly_linked_list_p5.pdb
D:\1Practice\c++\Ess\chapter5\5.3.13.5.Singly_linked_list_p5\Debug\5.3.13.5.Singly_linked_list_p5.exe
D:\1Practice\c++\Ess\chapter5\5.3.13.5.Singly_linked_list_p5\Debug\5.3.13.5.Singly_linked_list_p5.ilk
